c:\users\jaume\desktop\informaticagrafica_practica1\debug\vc140.pdb
c:\users\jcompany\desktop\informaticagrafica_practica1\debug\vc140.pdb
c:\users\jcompany\desktop\informaticagrafica_practica1\debug\vc140.idb
c:\users\jcompany\desktop\informaticagrafica_practica1\debug\shader.obj
c:\users\jcompany\desktop\informaticagrafica_practica1\debug\main.obj
c:\users\jcompany\desktop\informaticagrafica_practica2\debug\vc140.pdb
c:\users\jcompany\desktop\informaticagrafica_practica2\debug\vc140.idb
c:\users\jcompany\desktop\informaticagrafica_practica2\debug\shader.obj
c:\users\jaume\desktop\informaticagrafica_practica1\debug\practica1.ilk
c:\users\jaume\desktop\informaticagrafica_practica1\debug\practica1.exe
c:\users\jaume\desktop\informaticagrafica_practica1\debug\practica1.pdb
c:\users\jcompany\desktop\informaticagrafica_practica1\debug\practica1.ilk
c:\users\jcompany\desktop\informaticagrafica_practica1\debug\practica1.exe
c:\users\jcompany\desktop\informaticagrafica_practica1\debug\practica1.pdb
c:\users\jcompany\desktop\informaticagrafica_practica2\debug\practica1.ilk
c:\users\jcompany\desktop\informaticagrafica_practica2\debug\practica1.pdb
c:\users\jcompany\desktop\informaticagrafica_practica2\debug\practica1.exe
c:\users\jcompany\desktop\informaticagrafica_practica2\debug\practica1.tlog\cl.command.1.tlog
c:\users\jcompany\desktop\informaticagrafica_practica2\debug\practica1.tlog\cl.read.1.tlog
c:\users\jcompany\desktop\informaticagrafica_practica2\debug\practica1.tlog\cl.write.1.tlog
c:\users\jcompany\desktop\informaticagrafica_practica2\debug\practica1.tlog\link.command.1.tlog
c:\users\jcompany\desktop\informaticagrafica_practica2\debug\practica1.tlog\link.read.1.tlog
c:\users\jcompany\desktop\informaticagrafica_practica2\debug\practica1.tlog\link.write.1.tlog
