Compilación iniciada a las 05/05/2017 2:00:43.
     1>Proyecto "C:\Users\Jaume\Documents\GitHub\InformaticaGrafica_Practica\Proyecto.vcxproj" en el nodo 2 (Build destinos).
     1>C:\Program Files (x86)\MSBuild\Microsoft.Cpp\v4.0\V140\Microsoft.CppBuild.targets(392,5): warning MSB8028: The intermediate directory (Debug\) contains files shared from another project (Practica1.vcxproj, Practica2.vcxproj).  This can lead to incorrect clean and rebuild behavior.
     1>ClCompile:
         D:\Microsoft Visual Studio 14.0\VC\bin\CL.exe /c /I.\include\soil\src /I.\include\glm /I.\include\glfw\include /I.\include\glew\include /I.\include\assimp\include /ZI /nologo /W3 /WX- /Od /Oy- /D WIN32 /D _DEBUG /D _CONSOLE /D _UNICODE /D UNICODE /Gm /EHsc /RTC1 /MDd /GS /fp:precise /Zc:wchar_t /Zc:forScope /Zc:inline /Fo"Debug\\" /Fd"Debug\vc140.pdb" /Gd /TP /analyze- /errorReport:prompt src\Mesh.cpp src\Model.cpp
         Model.cpp
         Generando código...
         Compilando...
         Mesh.cpp
     1>c:\users\jaume\documents\github\informaticagrafica_practica\src\mesh.cpp(52): warning C4244: 'argumento': conversión de 'GLuint' a 'GLfloat'; posible pérdida de datos
         Generando código...
       Link:
         D:\Microsoft Visual Studio 14.0\VC\bin\link.exe /ERRORREPORT:PROMPT /OUT:"C:\Users\Jaume\Documents\GitHub\InformaticaGrafica_Practica\Debug\Practica3.exe" /INCREMENTAL /NOLOGO /LIBPATH:.\include\soil\lib /LIBPATH:".\include\glfw\lib-vc2015" /LIBPATH:.\include\glew\lib\Release\Win32 /LIBPATH:.\include\assimp\lib\x86 opengl32.lib glew32s.lib glfw3.lib assimp.lib libSOIL.lib kernel32.lib user32.lib gdi32.lib winspool.lib comdlg32.lib advapi32.lib shell32.lib ole32.lib oleaut32.lib uuid.lib odbc32.lib odbccp32.lib /MANIFEST /MANIFESTUAC:"level='asInvoker' uiAccess='false'" /manifest:embed /Debug /PDB:"C:\Users\Jaume\Documents\GitHub\InformaticaGrafica_Practica\Debug\Practica3.pdb" /SUBSYSTEM:CONSOLE /TLBID:1 /DYNAMICBASE /NXCOMPAT /IMPLIB:"C:\Users\Jaume\Documents\GitHub\InformaticaGrafica_Practica\Debug\Practica3.lib" /MACHINE:X86 Debug\main.obj
         Debug\Mesh.obj
         Debug\Model.obj
         Debug\Shader.obj
         Proyecto.vcxproj -> C:\Users\Jaume\Documents\GitHub\InformaticaGrafica_Practica\Debug\Practica3.exe
     1>Compilación del proyecto terminada "C:\Users\Jaume\Documents\GitHub\InformaticaGrafica_Practica\Proyecto.vcxproj" (Build destinos).

Compilación correcta.

Tiempo transcurrido 00:00:02.73
